=====cshou debug: Proc Status Open Successful

=====cshou debug: Proc CMD Open Successful

[create] [insert new file vertex]
[create] [insert new proc vertex]
[In create] Key: A$FILE$Version@0;Filename@/home/dzhao/fusionfs/fusion_root/p1_f_;
Result after parsing:192.168.1.13$PROCESS$cmdline@dd;State@S;Name@dd;
=====cshou debug: Proc Status Open Successful

=====cshou debug: Proc CMD Open Successful

[write] [insert new file vertex]
[write] [insert new proc vertex]
[In write] Key: A$FILE$Version@1;Filename@/home/dzhao/fusionfs/fusion_root/p1_f_;
Result after parsing:192.168.1.13$PROCESS$cmdline@dd;Num_of_Opertaions@0;State@S;Name@dd;
file_key: /home/dzhao/fusionfs/fusion_root/p1_f_
	file_values: 19370#write#12
	file_values: 19370#write#7
	file_values: 19370#write#22
	file_values: 19370#write#7
	file_values: 19370#write#17
	file_values: 19370#write#5
	file_values: 19370#write#15
	file_values: 19370#write#6
	file_values: 19370#write#13
	file_values: 19370#write#6
	file_values: 19370#write#13
	file_values: 19370#write#6
	file_values: 19370#write#13
	file_values: 19370#write#6
	file_values: 19370#write#12
	file_values: 19370#write#8
	file_values: 19370#write#13
	file_values: 19370#write#6
	file_values: 19370#write#13
	file_values: 19370#write#7
	file_values: 19370#write#12
	file_values: 19370#write#5
	file_values: 19370#write#12
	file_values: 19370#write#6
	file_values: 19370#write#16
	file_values: 19370#write#9
	file_values: 19370#write#13
	file_values: 19370#write#6
	file_values: 19370#write#12
	file_values: 19370#write#8
	file_values: 19370#write#15
	file_values: 19370#write#6
	file_values: 19370#write#12
	file_values: 19370#write#7
	file_values: 19370#write#8
	file_values: 19370#write#10
	file_values: 19370#write#7
	file_values: 19370#write#8
	file_values: 19370#write#6
	file_values: 19370#write#11
	file_values: 19370#write#6
	file_values: 19370#write#9
	file_values: 19370#write#9
	file_values: 19370#write#9
	file_values: 19370#write#5
	file_values: 19370#write#10
	file_values: 19370#write#5
	file_values: 19370#write#9
	file_values: 19370#write#6
	file_values: 19370#write#8
	file_values: 19370#write#11
	file_values: 19370#write#11
	file_values: 19370#write#7
	file_values: 19370#write#9
	file_values: 19370#write#6
	file_values: 19370#write#9
	file_values: 19370#write#6
	file_values: 19370#write#10
	file_values: 19370#write#5
	file_values: 19370#write#8
	file_values: 19370#write#6
	file_values: 19370#write#9
	file_values: 19370#write#7
	file_values: 19370#write#9
	file_values: 19370#write#6
	file_values: 19370#write#9
	file_values: 19370#write#6
	file_values: 19370#write#9
	file_values: 19370#write#6
	file_values: 19370#write#9
	file_values: 19370#write#6
	file_values: 19370#write#9
	file_values: 19370#write#6
	file_values: 19370#write#9
	file_values: 19370#write#6
	file_values: 19370#write#14
	file_values: 19370#write#8
	file_values: 19370#write#8
	file_values: 19370#write#6
	file_values: 19370#write#8
	file_values: 19370#write#8
	file_values: 19370#write#9
	file_values: 19370#write#10
	file_values: 19370#write#9
	file_values: 19370#write#6
	file_values: 19370#write#9
	file_values: 19370#write#8
	file_values: 19370#write#9
	file_values: 19370#write#6
	file_values: 19370#write#9
	file_values: 19370#write#12
	file_values: 19370#write#8
	file_values: 19370#write#7
	file_values: 19370#write#6
	file_values: 19370#write#6
	file_values: 19370#write#6
	file_values: 19370#write#5
	file_values: 19370#write#5
	file_values: 19370#write#6
	file_values: 19370#write#6
	file_values: 19370#write#7
	file_values: 19370#write#7
	file_values: 19370#write#5
	file_values: 19370#write#5
	file_values: 19370#write#5
	file_values: 19370#write#6
	file_values: 19370#write#5
	file_values: 19370#write#7
	file_values: 19370#write#6
	file_values: 19370#write#5
	file_values: 19370#write#5
	file_values: 19370#write#5
	file_values: 19370#write#6
	file_values: 19370#write#5
	file_values: 19370#write#6
	file_values: 19370#write#6
	file_values: 19370#write#6
	file_values: 19370#write#6
	file_values: 19370#write#6
	file_values: 19370#write#6
	file_values: 19370#write#5
	file_values: 19370#write#5
	file_values: 19370#write#7
	file_values: 19370#write#6
	file_values: 19370#write#7
	file_values: 19370#write#7
	file_values: 19370#write#8
	file_values: 19370#write#6
	file_values: 19370#write#6
	file_values: 19370#write#8
	file_values: 19370#write#6
	file_values: 19370#write#6
	file_values: 19370#write#6
	file_values: 19370#write#6
	file_values: 19370#write#9
	file_values: 19370#write#6
	file_values: 19370#write#8
	file_values: 19370#write#6
	file_values: 19370#write#6
	file_values: 19370#write#7
	file_values: 19370#write#7
	file_values: 19370#write#6
	file_values: 19370#write#8
	file_values: 19370#write#7
	file_values: 19370#write#5
	file_values: 19370#write#5
	file_values: 19370#write#5
	file_values: 19370#write#5
	file_values: 19370#write#5
	file_values: 19370#write#5
	file_values: 19370#write#9
	file_values: 19370#write#6
	file_values: 19370#write#6
	file_values: 19370#write#6
	file_values: 19370#write#5
	file_values: 19370#write#6
	file_values: 19370#write#6
	file_values: 19370#write#6
	file_values: 19370#write#6
	file_values: 19370#write#6
	file_values: 19370#write#5
	file_values: 19370#write#9
	file_values: 19370#write#6
	file_values: 19370#write#5
	file_values: 19370#write#5
	file_values: 19370#write#6
	file_values: 19370#write#7
	file_values: 19370#write#6
	file_values: 19370#write#6
	file_values: 19370#write#6
	file_values: 19370#write#6
	file_values: 19370#write#6
	file_values: 19370#write#9
	file_values: 19370#write#6
	file_values: 19370#write#6
	file_values: 19370#write#6
	file_values: 19370#write#8
	file_values: 19370#write#6
	file_values: 19370#write#7
	file_values: 19370#write#6
	file_values: 19370#write#7
	file_values: 19370#write#6
	file_values: 19370#write#5
	file_values: 19370#write#6
	file_values: 19370#write#6
	file_values: 19370#write#7
	file_values: 19370#write#7
	file_values: 19370#write#8
	file_values: 19370#write#6
	file_values: 19370#write#7
	file_values: 19370#write#6
	file_values: 19370#write#6
	file_values: 19370#write#6
	file_values: 19370#write#7
	file_values: 19370#write#6
	file_values: 19370#write#8
	file_values: 19370#write#6
	file_values: 19370#write#5
	file_values: 19370#write#6
	file_values: 19370#write#6
	file_values: 19370#write#8
	file_values: 19370#write#5
	file_values: 19370#write#6
	file_values: 19370#write#7
	file_values: 19370#write#6
	file_values: 19370#write#6
	file_values: 19370#write#5
	file_values: 19370#write#6
	file_values: 19370#write#6
	file_values: 19370#write#5
	file_values: 19370#write#6
	file_values: 19370#write#7
	file_values: 19370#write#6
	file_values: 19370#write#6
	file_values: 19370#write#5
	file_values: 19370#write#6
	file_values: 19370#write#6
	file_values: 19370#write#6
	file_values: 19370#write#6
	file_values: 19370#write#6
	file_values: 19370#write#7
	file_values: 19370#write#7
	file_values: 19370#write#6
	file_values: 19370#write#5
	file_values: 19370#write#6
	file_values: 19370#write#5
	file_values: 19370#write#7
	file_values: 19370#write#6
	file_values: 19370#write#7
	file_values: 19370#write#6
	file_values: 19370#write#5
	file_values: 19370#write#6
	file_values: 19370#write#6
	file_values: 19370#write#5
	file_values: 19370#write#6
	file_values: 19370#write#6
	file_values: 19370#write#8
	file_values: 19370#write#6
	file_values: 19370#write#5
	file_values: 19370#write#5
	file_values: 19370#write#5
	file_values: 19370#write#5
	file_values: 19370#write#7
	file_values: 19370#write#9
	file_values: 19370#write#6
	file_values: 19370#write#7
	file_values: 19370#write#7
	file_values: 19370#write#8
	file_values: 19370#write#9
	file_values: 19370#write#7
	file_values: 19370#write#10
	file_values: 19370#write#8
	file_values: 19370#write#6
	file_values: 19370#write#7
	file_values: 19370#write#6
	file_values: 19370#write#8
	file_values: 19370#write#9
	file_values: 19370#write#6
	file_values: 19370#write#8
	file_values: 19370#write#5
	file_values: 19370#write#9
	file_values: 19370#write#6
	file_values: 19370#write#11
	file_values: 19370#write#6
	file_values: 19370#write#8
	file_values: 19370#write#5
	file_values: 19370#write#56
	file_values: 19370#write#7
	file_values: 19370#write#8
	file_values: 19370#write#5
	file_values: 19370#write#8
	file_values: 19370#write#5
	file_values: 19370#write#9
	file_values: 19370#write#7
	file_values: 19370#write#8
	file_values: 19370#write#5
	file_values: 19370#write#8
	file_values: 19370#write#6
	file_values: 19370#write#7
	file_values: 19370#write#9
	file_values: 19370#write#8
	file_values: 19370#write#7
	file_values: 19370#write#8
	file_values: 19370#write#7
	file_values: 19370#write#7
	file_values: 19370#write#9
	file_values: 19370#write#6
	file_values: 19370#write#8
	file_values: 19370#write#6
	file_values: 19370#write#7
	file_values: 19370#write#6
	file_values: 19370#write#7
	file_values: 19370#write#7
	file_values: 19370#write#10
	file_values: 19370#write#10
	file_values: 19370#write#6
	file_values: 19370#write#7
	file_values: 19370#write#6
	file_values: 19370#write#8
	file_values: 19370#write#7
	file_values: 19370#write#7
	file_values: 19370#write#6
	file_values: 19370#write#7
	file_values: 19370#write#7
	file_values: 19370#write#6
	file_values: 19370#write#5
	file_values: 19370#write#4
	file_values: 19370#write#5
	file_values: 19370#write#7
	file_values: 19370#write#5
	file_values: 19370#write#5
	file_values: 19370#write#5
	file_values: 19370#write#5
	file_values: 19370#write#7
	file_values: 19370#write#5
	file_values: 19370#write#5
	file_values: 19370#write#6
	file_values: 19370#write#6
	file_values: 19370#write#5
	file_values: 19370#write#5
	file_values: 19370#write#6
	file_values: 19370#write#10
	file_values: 19370#write#5
	file_values: 19370#write#7
	file_values: 19370#write#9
	file_values: 19370#write#6
	file_values: 19370#write#6
	file_values: 19370#write#7
	file_values: 19370#write#6
	file_values: 19370#write#8
	file_values: 19370#write#6
	file_values: 19370#write#7
	file_values: 19370#write#8
	file_values: 19370#write#6
	file_values: 19370#write#6
	file_values: 19370#write#7
	file_values: 19370#write#7
	file_values: 19370#write#6
	file_values: 19370#write#6
	file_values: 19370#write#7
	file_values: 19370#write#6
	file_values: 19370#write#7
	file_values: 19370#write#6
	file_values: 19370#write#7
	file_values: 19370#write#7
	file_values: 19370#write#7
	file_values: 19370#write#7
	file_values: 19370#write#12
	file_values: 19370#write#7
	file_values: 19370#write#7
	file_values: 19370#write#6
	file_values: 19370#write#8
	file_values: 19370#write#7
	file_values: 19370#write#6
	file_values: 19370#write#5
	file_values: 19370#write#6
	file_values: 19370#write#7
	file_values: 19370#write#6
	file_values: 19370#write#7
	file_values: 19370#write#7
	file_values: 19370#write#6
	file_values: 19370#write#7
	file_values: 19370#write#9
	file_values: 19370#write#6
	file_values: 19370#write#6
	file_values: 19370#write#6
	file_values: 19370#write#6
	file_values: 19370#write#6
	file_values: 19370#write#5
	file_values: 19370#write#7
	file_values: 19370#write#6
	file_values: 19370#write#8
	file_values: 19370#write#5
	file_values: 19370#write#6
	file_values: 19370#write#11
	file_values: 19370#write#7
	file_values: 19370#write#5
	file_values: 19370#write#7
	file_values: 19370#write#7
	file_values: 19370#write#6
	file_values: 19370#write#6
	file_values: 19370#write#8
	file_values: 19370#write#7
	file_values: 19370#write#6
	file_values: 19370#write#5
	file_values: 19370#write#6
	file_values: 19370#write#6
	file_values: 19370#write#6
	file_values: 19370#write#6
	file_values: 19370#write#7
	file_values: 19370#write#6
	file_values: 19370#write#6
	file_values: 19370#write#5
	file_values: 19370#write#7
	file_values: 19370#write#6
	file_values: 19370#write#6
	file_values: 19370#write#8
	file_values: 19370#write#8
	file_values: 19370#write#6
	file_values: 19370#write#7
	file_values: 19370#write#6
	file_values: 19370#write#6
	file_values: 19370#write#8
	file_values: 19370#write#7
	file_values: 19370#write#6
	file_values: 19370#write#6
	file_values: 19370#write#6
	file_values: 19370#write#6
	file_values: 19370#write#6
	file_values: 19370#write#6
	file_values: 19370#write#5
	file_values: 19370#write#7
	file_values: 19370#write#6
	file_values: 19370#write#5
	file_values: 19370#write#5
	file_values: 19370#write#5
	file_values: 19370#write#5
	file_values: 19370#write#5
	file_values: 19370#write#7
	file_values: 19370#write#6
	file_values: 19370#write#5
	file_values: 19370#write#5
	file_values: 19370#write#5
	file_values: 19370#write#7
	file_values: 19370#write#5
	file_values: 19370#write#7
	file_values: 19370#write#7
	file_values: 19370#write#5
	file_values: 19370#write#6
	file_values: 19370#write#5
	file_values: 19370#write#5
	file_values: 19370#write#6
	file_values: 19370#write#5
	file_values: 19370#write#6
	file_values: 19370#write#6
	file_values: 19370#write#5
	file_values: 19370#write#8
	file_values: 19370#write#6
	file_values: 19370#write#6
	file_values: 19370#write#5
	file_values: 19370#write#6
	file_values: 19370#write#7
	file_values: 19370#write#6
	file_values: 19370#write#6
	file_values: 19370#write#6
	file_values: 19370#write#8
	file_values: 19370#write#6
	file_values: 19370#write#6
	file_values: 19370#write#7
	file_values: 19370#write#6
	file_values: 19370#write#6
	file_values: 19370#write#6
	file_values: 19370#write#6
	file_values: 19370#write#6
	file_values: 19370#write#5
	file_values: 19370#write#6
	file_values: 19370#write#7
	file_values: 19370#write#6
	file_values: 19370#write#5
	file_values: 19370#write#6
	file_values: 19370#write#8
	file_values: 19370#write#6
	file_values: 19370#write#8
	file_values: 19370#write#9
	file_values: 19370#write#6
	file_values: 19370#write#6
	file_values: 19370#write#6
	file_values: 19370#write#6
	file_values: 19370#write#6
	file_values: 19370#write#5
	file_values: 19370#write#6
	file_values: 19370#write#7
	file_values: 19370#write#6
	file_values: 19370#write#6
	file_values: 19370#write#5
	file_values: 19370#write#6
	file_values: 19370#write#6
	file_values: 19370#write#6
	file_values: 19370#write#6
	file_values: 19370#write#6
	file_values: 19370#write#6
	file_values: 19370#write#5
	file_values: 19370#write#5
	file_values: 19370#write#5
	file_values: 19370#write#5
	file_values: 19370#write#5
	file_values: 19370#write#7
	file_values: 19370#write#8
	file_values: 19370#write#8
	file_values: 19370#write#11
	file_values: 19370#write#8
	file_values: 19370#write#10
	file_values: 19370#write#5
	file_values: 19370#write#7
	file_values: 19370#write#6
	file_values: 19370#write#5
	file_values: 19370#write#6
	file_values: 19370#write#7
	file_values: 19370#write#5
	file_values: 19370#write#6
	file_values: 19370#write#6
	file_values: 19370#write#6
	file_values: 19370#write#6
	file_values: 19370#write#6
	file_values: 19370#write#5
	file_values: 19370#write#8
	file_values: 19370#write#6
	file_values: 19370#write#7
	file_values: 19370#write#6
	file_values: 19370#write#6
	file_values: 19370#write#5
	file_values: 19370#write#6
	file_values: 19370#write#7
	file_values: 19370#write#6
	file_values: 19370#write#6
	file_values: 19370#write#4
	file_values: 19370#write#5
	file_values: 19370#write#6
	file_values: 19370#write#7
	file_values: 19370#write#6
	file_values: 19370#write#6
	file_values: 19370#write#5
	file_values: 19370#write#6
	file_values: 19370#write#6
	file_values: 19370#write#5
	file_values: 19370#write#8
	file_values: 19370#write#5
	file_values: 19370#write#5
	file_values: 19370#write#5
	file_values: 19370#write#16
	file_values: 19370#write#6
	file_values: 19370#write#6
	file_values: 19370#write#16
	file_values: 19370#write#6
	file_values: 19370#write#5
	file_values: 19370#write#12
	file_values: 19370#write#7
	file_values: 19370#write#5
	file_values: 19370#write#12
	file_values: 19370#write#6
	file_values: 19370#write#5
	file_values: 19370#write#12
	file_values: 19370#write#8
	file_values: 19370#write#6
	file_values: 19370#write#17
	file_values: 19370#write#8
	file_values: 19370#write#5
	file_values: 19370#write#17
	file_values: 19370#write#7
	file_values: 19370#write#6
	file_values: 19370#write#12
	file_values: 19370#write#7
	file_values: 19370#write#5
	file_values: 19370#write#11
	file_values: 19370#write#7
	file_values: 19370#write#5
	file_values: 19370#write#12
	file_values: 19370#write#6
	file_values: 19370#write#5
	file_values: 19370#write#12
	file_values: 19370#write#6
	file_values: 19370#write#5
	file_values: 19370#write#14
	file_values: 19370#write#8
	file_values: 19370#write#5
	file_values: 19370#write#13
	file_values: 19370#write#6
	file_values: 19370#write#6
	file_values: 19370#write#12
	file_values: 19370#write#6
	file_values: 19370#write#6
	file_values: 19370#write#12
	file_values: 19370#write#5
	file_values: 19370#write#6
	file_values: 19370#write#12
	file_values: 19370#write#8
	file_values: 19370#write#5
	file_values: 19370#write#12
	file_values: 19370#write#6
	file_values: 19370#write#6
	file_values: 19370#write#8
	file_values: 19370#write#7
	file_values: 19370#write#6
	file_values: 19370#write#6
	file_values: 19370#write#6
	file_values: 19370#write#6
	file_values: 19370#write#5
	file_values: 19370#write#7
	file_values: 19370#write#6
	file_values: 19370#write#6
	file_values: 19370#write#7
	file_values: 19370#write#6
	file_values: 19370#write#6
	file_values: 19370#write#6
	file_values: 19370#write#5
	file_values: 19370#write#6
	file_values: 19370#write#5
	file_values: 19370#write#6
	file_values: 19370#write#7
	file_values: 19370#write#7
	file_values: 19370#write#6
	file_values: 19370#write#6
	file_values: 19370#write#6
	file_values: 19370#write#6
	file_values: 19370#write#6
	file_values: 19370#write#5
	file_values: 19370#write#6
	file_values: 19370#write#6
	file_values: 19370#write#6
	file_values: 19370#write#6
	file_values: 19370#write#6
	file_values: 19370#write#6
	file_values: 19370#write#5
	file_values: 19370#write#6
	file_values: 19370#write#6
	file_values: 19370#write#5
	file_values: 19370#write#6
	file_values: 19370#write#8
	file_values: 19370#write#5
	file_values: 19370#write#5
	file_values: 19370#write#5
	file_values: 19370#write#6
	file_values: 19370#write#6
	file_values: 19370#write#5
	file_values: 19370#write#8
	file_values: 19370#write#7
	file_values: 19370#write#5
	file_values: 19370#write#6
	file_values: 19370#write#5
	file_values: 19370#write#5
	file_values: 19370#write#6
	file_values: 19370#write#6
	file_values: 19370#write#5
	file_values: 19370#write#7
	file_values: 19370#write#6
	file_values: 19370#write#5
	file_values: 19370#write#5
	file_values: 19370#write#7
	file_values: 19370#write#4
	file_values: 19370#write#5
	file_values: 19370#write#6
	file_values: 19370#write#7
	file_values: 19370#write#6
	file_values: 19370#write#6
	file_values: 19370#write#6
	file_values: 19370#write#6
	file_values: 19370#write#6
	file_values: 19370#write#6
	file_values: 19370#write#6
	file_values: 19370#write#6
	file_values: 19370#write#5
	file_values: 19370#write#6
	file_values: 19370#write#6
	file_values: 19370#write#5
	file_values: 19370#write#6
	file_values: 19370#write#8
	file_values: 19370#write#7
	file_values: 19370#write#6
	file_values: 19370#write#5
	file_values: 19370#write#5
	file_values: 19370#write#7
	file_values: 19370#write#6
	file_values: 19370#write#5
	file_values: 19370#write#7
	file_values: 19370#write#7
	file_values: 19370#write#6
	file_values: 19370#write#6
	file_values: 19370#write#5
	file_values: 19370#write#5
	file_values: 19370#write#5
	file_values: 19370#write#5
	file_values: 19370#write#6
	file_values: 19370#write#6
	file_values: 19370#write#6
	file_values: 19370#write#5
	file_values: 19370#write#5
	file_values: 19370#write#5
	file_values: 19370#write#5
	file_values: 19370#write#6
	file_values: 19370#write#6
	file_values: 19370#write#5
	file_values: 19370#write#6
	file_values: 19370#write#5
	file_values: 19370#write#5
	file_values: 19370#write#6
	file_values: 19370#write#6
	file_values: 19370#write#5
	file_values: 19370#write#6
	file_values: 19370#write#6
	file_values: 19370#write#5
	file_values: 19370#write#6
	file_values: 19370#write#8
	file_values: 19370#write#5
	file_values: 19370#write#5
	file_values: 19370#write#9
	file_values: 19370#write#5
	file_values: 19370#write#6
	file_values: 19370#write#6
	file_values: 19370#write#6
	file_values: 19370#write#6
	file_values: 19370#write#6
	file_values: 19370#write#9
	file_values: 19370#write#5
	file_values: 19370#write#6
	file_values: 19370#write#5
	file_values: 19370#write#5
	file_values: 19370#write#5
	file_values: 19370#write#6
	file_values: 19370#write#7
	file_values: 19370#write#6
	file_values: 19370#write#6
	file_values: 19370#write#6
	file_values: 19370#write#6
	file_values: 19370#write#6
	file_values: 19370#write#5
	file_values: 19370#write#6
	file_values: 19370#write#5
	file_values: 19370#write#7
	file_values: 19370#write#5
	file_values: 19370#write#5
	file_values: 19370#write#5
	file_values: 19370#write#5
	file_values: 19370#write#5
	file_values: 19370#write#6
	file_values: 19370#write#4
	file_values: 19370#write#7
	file_values: 19370#write#5
	file_values: 19370#write#5
	file_values: 19370#write#5
	file_values: 19370#write#7
	file_values: 19370#write#5
	file_values: 19370#write#7
	file_values: 19370#write#6
	file_values: 19370#write#6
	file_values: 19370#write#7
	file_values: 19370#write#5
	file_values: 19370#write#5
	file_values: 19370#write#6
	file_values: 19370#write#9
	file_values: 19370#write#6
	file_values: 19370#write#6
	file_values: 19370#write#5
	file_values: 19370#write#6
	file_values: 19370#write#6
	file_values: 19370#write#8
	file_values: 19370#write#6
	file_values: 19370#write#7
	file_values: 19370#write#5
	file_values: 19370#write#6
	file_values: 19370#write#6
	file_values: 19370#write#5
	file_values: 19370#write#6
	file_values: 19370#write#6
	file_values: 19370#write#6
	file_values: 19370#write#6
	file_values: 19370#write#7
	file_values: 19370#write#5
	file_values: 19370#write#6
	file_values: 19370#write#6
	file_values: 19370#write#6
	file_values: 19370#write#6
	file_values: 19370#write#7
	file_values: 19370#write#5
	file_values: 19370#write#6
	file_values: 19370#write#6
	file_values: 19370#write#5
	file_values: 19370#write#6
	file_values: 19370#write#8
	file_values: 19370#write#8
	file_values: 19370#write#7
	file_values: 19370#write#5
	file_values: 19370#write#5
	file_values: 19370#write#5
	file_values: 19370#write#5
	file_values: 19370#write#6
	file_values: 19370#write#8
	file_values: 19370#write#5
	file_values: 19370#write#5
	file_values: 19370#write#5
	file_values: 19370#write#5
	file_values: 19370#write#4
	file_values: 19370#write#5
	file_values: 19370#write#6
	file_values: 19370#write#5
	file_values: 19370#write#5
	file_values: 19370#write#5
	file_values: 19370#write#5
	file_values: 19370#write#5
	file_values: 19370#write#7
	file_values: 19370#write#5
	file_values: 19370#write#4
	file_values: 19370#write#9
	file_values: 19370#write#7
	file_values: 19370#write#5
	file_values: 19370#write#5
	file_values: 19370#write#5
	file_values: 19370#write#7
	file_values: 19370#write#6
	file_values: 19370#write#8
	file_values: 19370#write#5
	file_values: 19370#write#6
	file_values: 19370#write#6
	file_values: 19370#write#5
	file_values: 19370#write#5
	file_values: 19370#write#6
	file_values: 19370#write#5
	file_values: 19370#write#8
	file_values: 19370#write#8
	file_values: 19370#write#5
	file_values: 19370#write#6
	file_values: 19370#write#6
	file_values: 19370#write#6
	file_values: 19370#write#6
	file_values: 19370#write#7
	file_values: 19370#write#5
	file_values: 19370#write#7
	file_values: 19370#write#6
	file_values: 19370#write#6
	file_values: 19370#write#6
	file_values: 19370#write#6
	file_values: 19370#write#6
	file_values: 19370#write#8
	file_values: 19370#write#6
	file_values: 19370#write#6
	file_values: 19370#write#7
	file_values: 19370#write#5
	file_values: 19370#write#9
	file_values: 19370#write#7
	file_values: 19370#write#6
	file_values: 19370#write#5
	file_values: 19370#write#7
	file_values: 19370#write#6
	file_values: 19370#write#5
	file_values: 19370#write#7
	file_values: 19370#write#5
	file_values: 19370#write#6
	file_values: 19370#write#7
	file_values: 19370#write#6
	file_values: 19370#write#5
	file_values: 19370#write#7
	file_values: 19370#write#5
	file_values: 19370#write#5
	file_values: 19370#write#8
	file_values: 19370#write#7
	file_values: 19370#write#7
	file_values: 19370#write#7
	file_values: 19370#write#6
	file_values: 19370#write#5
	file_values: 19370#write#7
	file_values: 19370#write#7
	file_values: 19370#write#4
	file_values: 19370#write#7
	file_values: 19370#write#6
	file_values: 19370#write#7
	file_values: 19370#write#6
	file_values: 19370#write#5
	file_values: 19370#write#5
	file_values: 19370#write#7
	file_values: 19370#write#7
	file_values: 19370#write#5
	file_values: 19370#write#8
	file_values: 19370#write#7
	file_values: 19370#write#5
	file_values: 19370#write#6
	file_values: 19370#write#9
	file_values: 19370#write#7
	file_values: 19370#write#6
	file_values: 19370#write#6
	file_values: 19370#write#5
	file_values: 19370#write#7
	file_values: 19370#write#6
	file_values: 19370#write#9
	file_values: 19370#write#6
	file_values: 19370#write#7
	file_values: 19370#write#5
	file_values: 19370#write#7
	file_values: 19370#write#6
	file_values: 19370#write#5
	file_values: 19370#write#8
	file_values: 19370#write#5
	file_values: 19370#write#5
	file_values: 19370#write#7
	file_values: 19370#write#6
	file_values: 19370#write#5
	file_values: 19370#write#6
	file_values: 19370#write#6
	file_values: 19370#write#4
	file_values: 19370#write#7
	file_values: 19370#write#5
	file_values: 19370#write#5
	file_values: 19370#write#6
	file_values: 19370#write#6
	file_values: 19370#write#5
	file_values: 19370#write#39
	file_values: 19370#write#6
	file_values: 19370#write#5
	file_values: 19370#write#6
	file_values: 19370#write#5
	file_values: 19370#write#4
	file_values: 19370#write#9
	file_values: 19370#write#5
	file_values: 19370#write#6
	file_values: 19370#write#7
	file_values: 19370#write#7
	file_values: 19370#write#5
	file_values: 19370#write#7
	file_values: 19370#write#6
	file_values: 19370#write#5
	file_values: 19370#write#7
	file_values: 19370#write#7
	file_values: 19370#write#5
	file_values: 19370#write#6
	file_values: 19370#write#6
	file_values: 19370#write#8
	file_values: 19370#write#6
	file_values: 19370#write#6
	file_values: 19370#write#7
	file_values: 19370#write#7
	file_values: 19370#write#6
	file_values: 19370#write#5
	file_values: 19370#write#7
	file_values: 19370#write#6
	file_values: 19370#write#8
	file_values: 19370#write#7
	file_values: 19370#write#6
	file_values: 19370#write#5
	file_values: 19370#write#6
	file_values: 19370#write#8
	file_values: 19370#write#5
	file_values: 19370#write#7
	file_values: 19370#write#11
	file_values: 19370#write#8
	file_values: 19370#write#8
	file_values: 19370#write#5
	file_values: 19370#write#7
	file_values: 19370#write#5
	file_values: 19370#write#7
	file_values: 19370#write#6
	file_values: 19370#write#7
	file_values: 19370#write#5
	file_values: 19370#write#6
	file_values: 19370#write#7
	file_values: 19370#write#5
	file_values: 19370#write#6
	file_values: 19370#write#7
	file_values: 19370#write#5
	file_values: 19370#write#8
	file_values: 19370#write#6
	file_values: 19370#write#6
	file_values: 19370#write#7
	file_values: 19370#write#6
	file_values: 19370#write#7
	file_values: 19370#write#8
	file_values: 19370#write#6
	file_values: 19370#write#8
	file_values: 19370#write#5
	file_values: 19370#write#5
	file_values: 19370#write#5
	file_values: 19370#write#5
	file_values: 19370#write#5
	file_values: 19370#write#5
	file_values: 19370#write#7
	file_values: 19370#write#5
	file_values: 19370#write#6
	file_values: 19370#write#5
	file_values: 19370#write#5
	file_values: 19370#write#5
	file_values: 19370#write#6
	file_values: 19370#write#6
	file_values: 19370#write#13
	file_values: 19370#write#6
	file_values: 19370#write#5
	file_values: 19370#write#6
	file_values: 19370#write#7
	file_values: 19370#write#6
	file_values: 19370#write#6
	file_values: 19370#write#8
	file_values: 19370#write#6
	file_values: 19370#write#6
	file_values: 19370#write#8
	file_values: 19370#write#5
	file_values: 19370#write#6
	file_values: 19370#write#6
	file_values: 19370#write#6
	file_values: 19370#write#6
	file_values: 19370#write#6
	file_values: 19370#write#5
	file_values: 19370#write#6
	file_values: 19370#write#6
	file_values: 19370#write#5
	file_values: 19370#write#6
	file_values: 19370#write#8
	file_values: 19370#write#9
	file_values: 19370#write#6
	file_values: 19370#write#6
	file_values: 19370#write#5
	file_values: 19370#write#5
	file_values: 19370#write#6
	file_values: 19370#write#6
	file_values: 19370#write#6
	file_values: 19370#write#5
	file_values: 19370#write#5
	file_values: 19370#write#5
	file_values: 19370#write#5
	file_values: 19370#write#5
	file_values: 19370#write#6
	file_values: 19370#write#7
	file_values: 19370#write#6
	file_values: 19370#write#7
	file_values: 19370#write#5
	file_values: 19370#write#7
	file_values: 19370#write#5
	file_values: 19370#write#6
	file_values: 19370#write#7
	file_values: 19370#write#5
	file_values: 19370#write#6
	file_values: 19370#write#6
	file_values: 19370#write#6
	file_values: 19370#write#5
	file_values: 19370#write#6
	file_values: 19370#write#6
	file_values: 19370#write#7
	file_values: 19370#write#6
	file_values: 19370#write#6
=====cshou debug: Proc Status Open Successful

=====cshou debug: Proc CMD Open Successful

[write] [insert new file vertex]
[write] [insert new proc vertex]
[In write] Key: A$FILE$Version@2;Filename@/home/dzhao/fusionfs/fusion_root/p1_f_;
Result after parsing:192.168.1.13$PROCESS$cmdline@dd;Num_of_Opertaions@1024;State@S;Name@dd;
